<?xml version="1.0" encoding="UTF-8"?>
<!-- Generated by org.testng.reporters.JUnitXMLReporter -->
<testsuite hostname="Lenovo" failures="0" tests="4" name="Test" time="147.414" errors="0" timestamp="1 May 2020 15:41:34 GMT">
  <testcase classname="test.NewTest" name="testcase_UserRegister" time="7.898"/>
  <testcase classname="test.NewTest" name="testcase_flightBooking" time="37.099"/>
  <testcase classname="test.NewTest" name="testcase_cruisesBooking" time="41.147"/>
  <testcase classname="test.NewTest" name="testcase_BrokenLinks" time="11.168"/>
</testsuite> <!-- Test -->
