<?xml version="1.0" encoding="UTF-8"?>
<testng-results total="4" passed="4" failed="0" skipped="0">
  <reporter-output>
  </reporter-output>
  <suite started-at="2020-05-01T15:39:07Z" name="Suite" finished-at="2020-05-01T15:41:34Z" duration-ms="147414">
    <groups>
    </groups>
    <test started-at="2020-05-01T15:39:07Z" name="Test" finished-at="2020-05-01T15:41:34Z" duration-ms="147414">
      <class name="test.NewTest">
        <test-method is-config="true" signature="beforeclass()[pri:0, instance:test.NewTest@5677323c]" started-at="2020-05-01T21:09:07Z" name="beforeclass" finished-at="2020-05-01T21:09:07Z" duration-ms="0" status="PASS">
          <reporter-output>
          </reporter-output>
        </test-method> <!-- beforeclass -->
        <test-method is-config="true" signature="beforeSuite()[pri:0, instance:test.NewTest@5677323c]" started-at="2020-05-01T21:09:07Z" name="beforeSuite" finished-at="2020-05-01T21:09:17Z" duration-ms="9730" status="PASS">
          <reporter-output>
          </reporter-output>
        </test-method> <!-- beforeSuite -->
        <test-method signature="testcase_UserRegister()[pri:0, instance:test.NewTest@5677323c]" started-at="2020-05-01T21:09:17Z" name="testcase_UserRegister" finished-at="2020-05-01T21:09:25Z" duration-ms="7898" status="PASS">
          <reporter-output>
          </reporter-output>
        </test-method> <!-- testcase_UserRegister -->
        <test-method is-config="true" signature="afterSuite()[pri:0, instance:test.NewTest@5677323c]" started-at="2020-05-01T21:09:25Z" name="afterSuite" finished-at="2020-05-01T21:09:28Z" duration-ms="3622" status="PASS">
          <reporter-output>
          </reporter-output>
        </test-method> <!-- afterSuite -->
        <test-method is-config="true" signature="beforeSuite()[pri:0, instance:test.NewTest@5677323c]" started-at="2020-05-01T21:09:28Z" name="beforeSuite" finished-at="2020-05-01T21:09:37Z" duration-ms="9132" status="PASS">
          <reporter-output>
          </reporter-output>
        </test-method> <!-- beforeSuite -->
        <test-method signature="testcase_flightBooking()[pri:0, instance:test.NewTest@5677323c]" started-at="2020-05-01T21:09:37Z" name="testcase_flightBooking" finished-at="2020-05-01T21:10:14Z" duration-ms="37099" status="PASS">
          <reporter-output>
          </reporter-output>
        </test-method> <!-- testcase_flightBooking -->
        <test-method is-config="true" signature="afterSuite()[pri:0, instance:test.NewTest@5677323c]" started-at="2020-05-01T21:10:14Z" name="afterSuite" finished-at="2020-05-01T21:10:17Z" duration-ms="2922" status="PASS">
          <reporter-output>
          </reporter-output>
        </test-method> <!-- afterSuite -->
        <test-method is-config="true" signature="beforeSuite()[pri:0, instance:test.NewTest@5677323c]" started-at="2020-05-01T21:10:17Z" name="beforeSuite" finished-at="2020-05-01T21:10:27Z" duration-ms="9364" status="PASS">
          <reporter-output>
          </reporter-output>
        </test-method> <!-- beforeSuite -->
        <test-method signature="testcase_cruisesBooking()[pri:0, instance:test.NewTest@5677323c]" started-at="2020-05-01T21:10:27Z" name="testcase_cruisesBooking" finished-at="2020-05-01T21:11:08Z" duration-ms="41147" status="PASS">
          <reporter-output>
          </reporter-output>
        </test-method> <!-- testcase_cruisesBooking -->
        <test-method is-config="true" signature="afterSuite()[pri:0, instance:test.NewTest@5677323c]" started-at="2020-05-01T21:11:08Z" name="afterSuite" finished-at="2020-05-01T21:11:10Z" duration-ms="2489" status="PASS">
          <reporter-output>
          </reporter-output>
        </test-method> <!-- afterSuite -->
        <test-method is-config="true" signature="beforeSuite()[pri:0, instance:test.NewTest@5677323c]" started-at="2020-05-01T21:11:10Z" name="beforeSuite" finished-at="2020-05-01T21:11:19Z" duration-ms="9140" status="PASS">
          <reporter-output>
          </reporter-output>
        </test-method> <!-- beforeSuite -->
        <test-method signature="testcase_BrokenLinks()[pri:0, instance:test.NewTest@5677323c]" started-at="2020-05-01T21:11:19Z" name="testcase_BrokenLinks" finished-at="2020-05-01T21:11:31Z" duration-ms="11168" status="PASS">
          <reporter-output>
          </reporter-output>
        </test-method> <!-- testcase_BrokenLinks -->
        <test-method is-config="true" signature="afterSuite()[pri:0, instance:test.NewTest@5677323c]" started-at="2020-05-01T21:11:31Z" name="afterSuite" finished-at="2020-05-01T21:11:34Z" duration-ms="3654" status="PASS">
          <reporter-output>
          </reporter-output>
        </test-method> <!-- afterSuite -->
      </class> <!-- test.NewTest -->
    </test> <!-- Test -->
  </suite> <!-- Suite -->
</testng-results>
